  stdafx.cpp
  egl.cpp
  HomuHomu.cpp
d:\homuhomu\homuhomu\homuhomu\homuhomu.cpp(625): warning C4244: '인수': 'int'에서 'VGfloat'(으)로 변환하면서 데이터가 손실될 수 있습니다.
d:\homuhomu\homuhomu\homuhomu\homuhomu.cpp(630): warning C4244: '인수': 'int'에서 'VGfloat'(으)로 변환하면서 데이터가 손실될 수 있습니다.
d:\homuhomu\homuhomu\homuhomu\homuhomu.cpp(636): warning C4244: '인수': 'int'에서 'VGfloat'(으)로 변환하면서 데이터가 손실될 수 있습니다.
d:\homuhomu\homuhomu\homuhomu\homuhomu.cpp(641): warning C4244: '인수': 'int'에서 'VGfloat'(으)로 변환하면서 데이터가 손실될 수 있습니다.
d:\homuhomu\homuhomu\homuhomu\homuhomu.cpp(676): warning C4244: '인수': 'int'에서 'VGfloat'(으)로 변환하면서 데이터가 손실될 수 있습니다.
d:\homuhomu\homuhomu\homuhomu\homuhomu.cpp(690): warning C4244: '인수': 'int'에서 'VGfloat'(으)로 변환하면서 데이터가 손실될 수 있습니다.
d:\homuhomu\homuhomu\homuhomu\homuhomu.cpp(705): warning C4244: '인수': 'int'에서 'VGfloat'(으)로 변환하면서 데이터가 손실될 수 있습니다.
d:\homuhomu\homuhomu\homuhomu\homuhomu.cpp(721): warning C4244: '인수': 'int'에서 'VGfloat'(으)로 변환하면서 데이터가 손실될 수 있습니다.
d:\homuhomu\homuhomu\homuhomu\homuhomu.cpp(732): warning C4244: '인수': 'int'에서 'VGfloat'(으)로 변환하면서 데이터가 손실될 수 있습니다.
d:\homuhomu\homuhomu\homuhomu\homuhomu.cpp(744): warning C4244: '인수': 'int'에서 'VGfloat'(으)로 변환하면서 데이터가 손실될 수 있습니다.
d:\homuhomu\homuhomu\homuhomu\homuhomu.cpp(763): warning C4244: '인수': 'int'에서 'VGfloat'(으)로 변환하면서 데이터가 손실될 수 있습니다.
d:\homuhomu\homuhomu\homuhomu\homuhomu.cpp(774): warning C4244: '인수': 'int'에서 'VGfloat'(으)로 변환하면서 데이터가 손실될 수 있습니다.
d:\homuhomu\homuhomu\homuhomu\homuhomu.cpp(788): warning C4244: '인수': 'int'에서 'VGfloat'(으)로 변환하면서 데이터가 손실될 수 있습니다.
d:\homuhomu\homuhomu\homuhomu\homuhomu.cpp(799): warning C4244: '인수': 'int'에서 'VGfloat'(으)로 변환하면서 데이터가 손실될 수 있습니다.
d:\homuhomu\homuhomu\homuhomu\homuhomu.cpp(814): warning C4244: '인수': 'int'에서 'VGfloat'(으)로 변환하면서 데이터가 손실될 수 있습니다.
d:\homuhomu\homuhomu\homuhomu\homuhomu.cpp(826): warning C4838: 'double'에서 'VGfloat'(으)로의 변환에는 축소 변환이 필요합니다.
d:\homuhomu\homuhomu\homuhomu\homuhomu.cpp(826): warning C4305: '초기화 중': 'double'에서 'VGfloat'(으)로 잘립니다.
d:\homuhomu\homuhomu\homuhomu\homuhomu.cpp(874): warning C4244: '+=': 'float'에서 'int'(으)로 변환하면서 데이터가 손실될 수 있습니다.
d:\homuhomu\homuhomu\homuhomu\homuhomu.cpp(916): warning C4244: '=': 'float'에서 'int'(으)로 변환하면서 데이터가 손실될 수 있습니다.
  코드를 생성하고 있습니다...
  HomuHomu.vcxproj -> D:\HomuHomu\HomuHomu\Debug\HomuHomu.exe
